{
  "stats": {
    "suites": 3,
    "tests": 3,
    "passes": 3,
    "pending": 0,
    "failures": 0,
    "start": "2024-08-08T14:26:37.251Z",
    "end": "2024-08-08T14:26:49.730Z",
    "duration": 12479,
    "testsRegistered": 3,
    "passPercent": 100,
    "pendingPercent": 0,
    "other": 0,
    "hasOther": false,
    "skipped": 0,
    "hasSkipped": false
  },
  "results": [
    {
      "uuid": "58e7ecc7-9fef-4ce9-99bf-a2570b955f03",
      "title": "",
      "fullFile": "cypress\\e2e\\frontend\\ottonovaFirstCase.cy.js",
      "file": "cypress\\e2e\\frontend\\ottonovaFirstCase.cy.js",
      "beforeHooks": [],
      "afterHooks": [],
      "tests": [],
      "suites": [
        {
          "uuid": "bedc4118-d915-428d-9769-f43e52070293",
          "title": "Ottonova Beitragsrechner Tests",
          "fullFile": "",
          "file": "",
          "beforeHooks": [],
          "afterHooks": [],
          "tests": [],
          "suites": [
            {
              "uuid": "07b48204-6076-47aa-87da-76b8503e2e3e",
              "title": "Validation Error Tests",
              "fullFile": "",
              "file": "",
              "beforeHooks": [],
              "afterHooks": [],
              "tests": [
                {
                  "title": "should show validation error for underage users",
                  "fullTitle": "Ottonova Beitragsrechner Tests Validation Error Tests should show validation error for underage users",
                  "timedOut": null,
                  "duration": 4446,
                  "state": "passed",
                  "speed": "fast",
                  "pass": true,
                  "fail": false,
                  "pending": false,
                  "context": null,
                  "code": "calculatorPage.selectEmployment('Angestellt');\ncalculatorPage.enterIncome(testData.income);\ncalculatorPage.continueEmployment();\ncalculatorPage.selectInsuranceProduct('Vollversicherung');\ncalculatorPage.selectIngressDate(testData.startDateValue);\ncalculatorPage.continueInsuranceProduct();\nconst [day, month, year] = testData.invalidAgeBirthdate.split('.');\ncalculatorPage.enterBirthdate(day, month, year);\ncalculatorPage.assertValidationMessage('Leider kannst du dich erst ab 16 Jahren alleine versichern.');\ncalculatorPage.assertContinueButtonDisabled();",
                  "err": {},
                  "uuid": "e5c837ca-454f-4ae6-8755-409e8718d110",
                  "parentUUID": "07b48204-6076-47aa-87da-76b8503e2e3e",
                  "isHook": false,
                  "skipped": false
                },
                {
                  "title": "should show validation error for future birthdate",
                  "fullTitle": "Ottonova Beitragsrechner Tests Validation Error Tests should show validation error for future birthdate",
                  "timedOut": null,
                  "duration": 3592,
                  "state": "passed",
                  "speed": "fast",
                  "pass": true,
                  "fail": false,
                  "pending": false,
                  "context": null,
                  "code": "calculatorPage.selectEmployment('Angestellt');\ncalculatorPage.enterIncome(testData.income);\ncalculatorPage.continueEmployment();\ncalculatorPage.selectInsuranceProduct('Vollversicherung');\ncalculatorPage.selectIngressDate(testData.startDateValue);\ncalculatorPage.continueInsuranceProduct();\nconst [day, month, year] = testData.futureBirthdate.split('.');\ncalculatorPage.enterBirthdate(day, month, year);\ncalculatorPage.assertValidationMessage('Du bist in der Zukunft geboren? Bitte überprüfe deine Eingaben.');\ncalculatorPage.assertContinueButtonDisabled();",
                  "err": {},
                  "uuid": "02e4b2df-5c3f-48ab-a51d-b9f6adbb2e2f",
                  "parentUUID": "07b48204-6076-47aa-87da-76b8503e2e3e",
                  "isHook": false,
                  "skipped": false
                }
              ],
              "suites": [],
              "passes": [
                "e5c837ca-454f-4ae6-8755-409e8718d110",
                "02e4b2df-5c3f-48ab-a51d-b9f6adbb2e2f"
              ],
              "failures": [],
              "pending": [],
              "skipped": [],
              "duration": 8038,
              "root": false,
              "rootEmpty": false,
              "_timeout": 2000
            },
            {
              "uuid": "ecd51f56-1af1-4539-b1de-c8afff022716",
              "title": "Succesfull Navigation Tests",
              "fullFile": "",
              "file": "",
              "beforeHooks": [],
              "afterHooks": [],
              "tests": [
                {
                  "title": "should proceed to the next page with a valid birthdate",
                  "fullTitle": "Ottonova Beitragsrechner Tests Succesfull Navigation Tests should proceed to the next page with a valid birthdate",
                  "timedOut": null,
                  "duration": 2070,
                  "state": "passed",
                  "speed": "fast",
                  "pass": true,
                  "fail": false,
                  "pending": false,
                  "context": null,
                  "code": "calculatorPage.selectEmployment('Angestellt');\ncalculatorPage.enterIncome(testData.income);\ncalculatorPage.continueEmployment();\ncalculatorPage.selectInsuranceProduct('Vollversicherung');\ncalculatorPage.selectIngressDate(testData.startDateValue);\ncalculatorPage.continueInsuranceProduct();\nconst [day, month, year] = testData.validBirthdate.split('.');\ncalculatorPage.enterBirthdate(day, month, year);\ncalculatorPage.continueBirthday();\ncy.url().should('include', 'persoenliche-situation/versicherungsstatus');",
                  "err": {},
                  "uuid": "d29e40f8-8c13-428f-bece-267b666351e1",
                  "parentUUID": "ecd51f56-1af1-4539-b1de-c8afff022716",
                  "isHook": false,
                  "skipped": false
                }
              ],
              "suites": [],
              "passes": [
                "d29e40f8-8c13-428f-bece-267b666351e1"
              ],
              "failures": [],
              "pending": [],
              "skipped": [],
              "duration": 2070,
              "root": false,
              "rootEmpty": false,
              "_timeout": 2000
            }
          ],
          "passes": [],
          "failures": [],
          "pending": [],
          "skipped": [],
          "duration": 0,
          "root": false,
          "rootEmpty": false,
          "_timeout": 2000
        }
      ],
      "passes": [],
      "failures": [],
      "pending": [],
      "skipped": [],
      "duration": 0,
      "root": true,
      "rootEmpty": true,
      "_timeout": 2000
    }
  ],
  "meta": {
    "mocha": {
      "version": "7.0.1"
    },
    "mochawesome": {
      "options": {
        "quiet": false,
        "reportFilename": "mochawesome",
        "saveHtml": true,
        "saveJson": true,
        "consoleReporter": "spec",
        "useInlineDiffs": false,
        "code": true
      },
      "version": "7.1.3"
    },
    "marge": {
      "options": {
        "reportDir": "cypress/reports",
        "overwrite": false,
        "html": true,
        "json": true
      },
      "version": "6.2.0"
    }
  }
}