{
  "stats": {
    "suites": 1,
    "tests": 1,
    "passes": 1,
    "pending": 0,
    "failures": 0,
    "start": "2024-08-05T11:12:23.216Z",
    "end": "2024-08-05T11:12:23.513Z",
    "duration": 297,
    "testsRegistered": 1,
    "passPercent": 100,
    "pendingPercent": 0,
    "other": 0,
    "hasOther": false,
    "skipped": 0,
    "hasSkipped": false
  },
  "results": [
    {
      "uuid": "c123ea98-90fc-485d-9519-eade88b9a2be",
      "title": "",
      "fullFile": "cypress\\e2e\\backend\\pokemon.cy.js",
      "file": "cypress\\e2e\\backend\\pokemon.cy.js",
      "beforeHooks": [],
      "afterHooks": [],
      "tests": [],
      "suites": [
        {
          "uuid": "04439c6f-1940-4791-a0a3-b00c2d4663e9",
          "title": "PokeAPI Backend Test",
          "fullFile": "",
          "file": "",
          "beforeHooks": [],
          "afterHooks": [],
          "tests": [
            {
              "title": "should check the response status and content of the endpoint",
              "fullTitle": "PokeAPI Backend Test should check the response status and content of the endpoint",
              "timedOut": null,
              "duration": 263,
              "state": "passed",
              "speed": "fast",
              "pass": true,
              "fail": false,
              "pending": false,
              "context": null,
              "code": "cy.request('GET', 'https://pokeapi.co/api/v2/pokemon/pikachu').then(response => {\n  // Assert that the response status is 200\n  expect(response.status).to.eq(200);\n  // Assert that the response body includes \"moves\" and \"abilities\" properties\n  expect(response.body).to.have.property('name');\n  expect(response.body).to.have.property('abilities');\n  expect(response.body.name).to.eq('pikachu');\n});",
              "err": {},
              "uuid": "53708f35-f04c-4667-a98b-55c74b3641c5",
              "parentUUID": "04439c6f-1940-4791-a0a3-b00c2d4663e9",
              "isHook": false,
              "skipped": false
            }
          ],
          "suites": [],
          "passes": [
            "53708f35-f04c-4667-a98b-55c74b3641c5"
          ],
          "failures": [],
          "pending": [],
          "skipped": [],
          "duration": 263,
          "root": false,
          "rootEmpty": false,
          "_timeout": 2000
        }
      ],
      "passes": [],
      "failures": [],
      "pending": [],
      "skipped": [],
      "duration": 0,
      "root": true,
      "rootEmpty": true,
      "_timeout": 2000
    }
  ],
  "meta": {
    "mocha": {
      "version": "7.0.1"
    },
    "mochawesome": {
      "options": {
        "quiet": false,
        "reportFilename": "mochawesome",
        "saveHtml": true,
        "saveJson": true,
        "consoleReporter": "spec",
        "useInlineDiffs": false,
        "code": true
      },
      "version": "7.1.3"
    },
    "marge": {
      "options": {
        "reportDir": "cypress/reports",
        "overwrite": false,
        "html": true,
        "json": true
      },
      "version": "6.2.0"
    }
  }
}