{
  "stats": {
    "suites": 3,
    "tests": 3,
    "passes": 3,
    "pending": 0,
    "failures": 0,
    "start": "2024-08-05T11:19:32.627Z",
    "end": "2024-08-05T11:19:46.282Z",
    "duration": 13655,
    "testsRegistered": 3,
    "passPercent": 100,
    "pendingPercent": 0,
    "other": 0,
    "hasOther": false,
    "skipped": 0,
    "hasSkipped": false
  },
  "results": [
    {
      "uuid": "49f8ac60-cdac-4b20-a40f-7c705c3a5e53",
      "title": "",
      "fullFile": "cypress\\e2e\\frontend\\ottonovaFirstCase.cy.js",
      "file": "cypress\\e2e\\frontend\\ottonovaFirstCase.cy.js",
      "beforeHooks": [],
      "afterHooks": [],
      "tests": [],
      "suites": [
        {
          "uuid": "662f6186-7b15-4437-b744-e096d7cdccb6",
          "title": "Ottonova Beitragsrechner Tests",
          "fullFile": "",
          "file": "",
          "beforeHooks": [],
          "afterHooks": [],
          "tests": [],
          "suites": [
            {
              "uuid": "9a52a57e-af49-4d48-9b13-74078ab19ec3",
              "title": "Validation Error Tests",
              "fullFile": "",
              "file": "",
              "beforeHooks": [],
              "afterHooks": [],
              "tests": [
                {
                  "title": "should show validation error for underage users",
                  "fullTitle": "Ottonova Beitragsrechner Tests Validation Error Tests should show validation error for underage users",
                  "timedOut": null,
                  "duration": 4900,
                  "state": "passed",
                  "speed": "fast",
                  "pass": true,
                  "fail": false,
                  "pending": false,
                  "context": null,
                  "code": "calculatorPage.selectEmployment('Angestellt');\ncalculatorPage.enterIncome(testData.income);\ncalculatorPage.continueEmployment();\ncalculatorPage.selectInsuranceProduct('Vollversicherung');\ncalculatorPage.selectIngressDate(testData.startDateValue);\ncalculatorPage.continueInsuranceProduct();\nconst [day, month, year] = testData.invalidAgeBirthdate.split('.');\ncalculatorPage.enterBirthdate(day, month, year);\ncalculatorPage.assertValidationMessage('Leider kannst du dich erst ab 16 Jahren alleine versichern.');\ncalculatorPage.assertContinueButtonDisabled();",
                  "err": {},
                  "uuid": "151c5039-d42d-416f-9ac0-65c262c8b8fd",
                  "parentUUID": "9a52a57e-af49-4d48-9b13-74078ab19ec3",
                  "isHook": false,
                  "skipped": false
                },
                {
                  "title": "should show validation error for future birthdate",
                  "fullTitle": "Ottonova Beitragsrechner Tests Validation Error Tests should show validation error for future birthdate",
                  "timedOut": null,
                  "duration": 3861,
                  "state": "passed",
                  "speed": "fast",
                  "pass": true,
                  "fail": false,
                  "pending": false,
                  "context": null,
                  "code": "calculatorPage.selectEmployment('Angestellt');\ncalculatorPage.enterIncome(testData.income);\ncalculatorPage.continueEmployment();\ncalculatorPage.selectInsuranceProduct('Vollversicherung');\ncalculatorPage.selectIngressDate(testData.startDateValue);\ncalculatorPage.continueInsuranceProduct();\nconst [day, month, year] = testData.futureBirthdate.split('.');\ncalculatorPage.enterBirthdate(day, month, year);\ncalculatorPage.assertValidationMessage('Du bist in der Zukunft geboren? Bitte überprüfe deine Eingaben.');\ncalculatorPage.assertContinueButtonDisabled();",
                  "err": {},
                  "uuid": "ee364de0-3351-4689-8681-517a3ea00121",
                  "parentUUID": "9a52a57e-af49-4d48-9b13-74078ab19ec3",
                  "isHook": false,
                  "skipped": false
                }
              ],
              "suites": [],
              "passes": [
                "151c5039-d42d-416f-9ac0-65c262c8b8fd",
                "ee364de0-3351-4689-8681-517a3ea00121"
              ],
              "failures": [],
              "pending": [],
              "skipped": [],
              "duration": 8761,
              "root": false,
              "rootEmpty": false,
              "_timeout": 2000
            },
            {
              "uuid": "6e7e6a3e-6afb-4b2e-932a-505c3f84c92d",
              "title": "Succesfull Navigation Tests",
              "fullFile": "",
              "file": "",
              "beforeHooks": [],
              "afterHooks": [],
              "tests": [
                {
                  "title": "should proceed to the next page with a valid birthdate",
                  "fullTitle": "Ottonova Beitragsrechner Tests Succesfull Navigation Tests should proceed to the next page with a valid birthdate",
                  "timedOut": null,
                  "duration": 2585,
                  "state": "passed",
                  "speed": "fast",
                  "pass": true,
                  "fail": false,
                  "pending": false,
                  "context": null,
                  "code": "calculatorPage.selectEmployment('Angestellt');\ncalculatorPage.enterIncome(testData.income);\ncalculatorPage.continueEmployment();\ncalculatorPage.selectInsuranceProduct('Vollversicherung');\ncalculatorPage.selectIngressDate(testData.startDateValue);\ncalculatorPage.continueInsuranceProduct();\nconst [day, month, year] = testData.validBirthdate.split('.');\ncalculatorPage.enterBirthdate(day, month, year);\ncalculatorPage.continueBirthday();\ncy.url().should('include', 'persoenliche-situation/versicherungsstatus');",
                  "err": {},
                  "uuid": "89543fa2-1bef-4234-a859-5ec390ea62ab",
                  "parentUUID": "6e7e6a3e-6afb-4b2e-932a-505c3f84c92d",
                  "isHook": false,
                  "skipped": false
                }
              ],
              "suites": [],
              "passes": [
                "89543fa2-1bef-4234-a859-5ec390ea62ab"
              ],
              "failures": [],
              "pending": [],
              "skipped": [],
              "duration": 2585,
              "root": false,
              "rootEmpty": false,
              "_timeout": 2000
            }
          ],
          "passes": [],
          "failures": [],
          "pending": [],
          "skipped": [],
          "duration": 0,
          "root": false,
          "rootEmpty": false,
          "_timeout": 2000
        }
      ],
      "passes": [],
      "failures": [],
      "pending": [],
      "skipped": [],
      "duration": 0,
      "root": true,
      "rootEmpty": true,
      "_timeout": 2000
    }
  ],
  "meta": {
    "mocha": {
      "version": "7.0.1"
    },
    "mochawesome": {
      "options": {
        "quiet": false,
        "reportFilename": "mochawesome",
        "saveHtml": true,
        "saveJson": true,
        "consoleReporter": "spec",
        "useInlineDiffs": false,
        "code": true
      },
      "version": "7.1.3"
    },
    "marge": {
      "options": {
        "reportDir": "cypress/reports",
        "overwrite": false,
        "html": true,
        "json": true
      },
      "version": "6.2.0"
    }
  }
}