{
  "stats": {
    "suites": 3,
    "tests": 3,
    "passes": 3,
    "pending": 0,
    "failures": 0,
    "start": "2024-08-05T12:00:50.385Z",
    "end": "2024-08-05T12:01:03.062Z",
    "duration": 12677,
    "testsRegistered": 3,
    "passPercent": 100,
    "pendingPercent": 0,
    "other": 0,
    "hasOther": false,
    "skipped": 0,
    "hasSkipped": false
  },
  "results": [
    {
      "uuid": "b9a845c5-dbcf-41e5-a413-1a037a9c7e8d",
      "title": "",
      "fullFile": "cypress\\e2e\\frontend\\ottonovaFirstCase.cy.js",
      "file": "cypress\\e2e\\frontend\\ottonovaFirstCase.cy.js",
      "beforeHooks": [],
      "afterHooks": [],
      "tests": [],
      "suites": [
        {
          "uuid": "15709f52-4b0e-48ea-b5ef-5674511d3d9b",
          "title": "Ottonova Beitragsrechner Tests",
          "fullFile": "",
          "file": "",
          "beforeHooks": [],
          "afterHooks": [],
          "tests": [],
          "suites": [
            {
              "uuid": "360890a8-636d-4010-93fe-2ae1a70607c4",
              "title": "Validation Error Tests",
              "fullFile": "",
              "file": "",
              "beforeHooks": [],
              "afterHooks": [],
              "tests": [
                {
                  "title": "should show validation error for underage users",
                  "fullTitle": "Ottonova Beitragsrechner Tests Validation Error Tests should show validation error for underage users",
                  "timedOut": null,
                  "duration": 4894,
                  "state": "passed",
                  "speed": "fast",
                  "pass": true,
                  "fail": false,
                  "pending": false,
                  "context": null,
                  "code": "calculatorPage.selectEmployment('Angestellt');\ncalculatorPage.enterIncome(testData.income);\ncalculatorPage.continueEmployment();\ncalculatorPage.selectInsuranceProduct('Vollversicherung');\ncalculatorPage.selectIngressDate(testData.startDateValue);\ncalculatorPage.continueInsuranceProduct();\nconst [day, month, year] = testData.invalidAgeBirthdate.split('.');\ncalculatorPage.enterBirthdate(day, month, year);\ncalculatorPage.assertValidationMessage('Leider kannst du dich erst ab 16 Jahren alleine versichern.');\ncalculatorPage.assertContinueButtonDisabled();",
                  "err": {},
                  "uuid": "46d9fe1f-13f5-4abb-bfb1-5c351d66f154",
                  "parentUUID": "360890a8-636d-4010-93fe-2ae1a70607c4",
                  "isHook": false,
                  "skipped": false
                },
                {
                  "title": "should show validation error for future birthdate",
                  "fullTitle": "Ottonova Beitragsrechner Tests Validation Error Tests should show validation error for future birthdate",
                  "timedOut": null,
                  "duration": 3556,
                  "state": "passed",
                  "speed": "fast",
                  "pass": true,
                  "fail": false,
                  "pending": false,
                  "context": null,
                  "code": "calculatorPage.selectEmployment('Angestellt');\ncalculatorPage.enterIncome(testData.income);\ncalculatorPage.continueEmployment();\ncalculatorPage.selectInsuranceProduct('Vollversicherung');\ncalculatorPage.selectIngressDate(testData.startDateValue);\ncalculatorPage.continueInsuranceProduct();\nconst [day, month, year] = testData.futureBirthdate.split('.');\ncalculatorPage.enterBirthdate(day, month, year);\ncalculatorPage.assertValidationMessage('Du bist in der Zukunft geboren? Bitte überprüfe deine Eingaben.');\ncalculatorPage.assertContinueButtonDisabled();",
                  "err": {},
                  "uuid": "59f682e5-9a1f-48a6-b272-cf50e89a8803",
                  "parentUUID": "360890a8-636d-4010-93fe-2ae1a70607c4",
                  "isHook": false,
                  "skipped": false
                }
              ],
              "suites": [],
              "passes": [
                "46d9fe1f-13f5-4abb-bfb1-5c351d66f154",
                "59f682e5-9a1f-48a6-b272-cf50e89a8803"
              ],
              "failures": [],
              "pending": [],
              "skipped": [],
              "duration": 8450,
              "root": false,
              "rootEmpty": false,
              "_timeout": 2000
            },
            {
              "uuid": "d0b541df-f6c0-4cc2-a5c9-938d6a440eb8",
              "title": "Succesfull Navigation Tests",
              "fullFile": "",
              "file": "",
              "beforeHooks": [],
              "afterHooks": [],
              "tests": [
                {
                  "title": "should proceed to the next page with a valid birthdate",
                  "fullTitle": "Ottonova Beitragsrechner Tests Succesfull Navigation Tests should proceed to the next page with a valid birthdate",
                  "timedOut": null,
                  "duration": 1943,
                  "state": "passed",
                  "speed": "fast",
                  "pass": true,
                  "fail": false,
                  "pending": false,
                  "context": null,
                  "code": "calculatorPage.selectEmployment('Angestellt');\ncalculatorPage.enterIncome(testData.income);\ncalculatorPage.continueEmployment();\ncalculatorPage.selectInsuranceProduct('Vollversicherung');\ncalculatorPage.selectIngressDate(testData.startDateValue);\ncalculatorPage.continueInsuranceProduct();\nconst [day, month, year] = testData.validBirthdate.split('.');\ncalculatorPage.enterBirthdate(day, month, year);\ncalculatorPage.continueBirthday();\ncy.url().should('include', 'persoenliche-situation/versicherungsstatus');",
                  "err": {},
                  "uuid": "ec050f52-d887-44aa-b260-66d524842126",
                  "parentUUID": "d0b541df-f6c0-4cc2-a5c9-938d6a440eb8",
                  "isHook": false,
                  "skipped": false
                }
              ],
              "suites": [],
              "passes": [
                "ec050f52-d887-44aa-b260-66d524842126"
              ],
              "failures": [],
              "pending": [],
              "skipped": [],
              "duration": 1943,
              "root": false,
              "rootEmpty": false,
              "_timeout": 2000
            }
          ],
          "passes": [],
          "failures": [],
          "pending": [],
          "skipped": [],
          "duration": 0,
          "root": false,
          "rootEmpty": false,
          "_timeout": 2000
        }
      ],
      "passes": [],
      "failures": [],
      "pending": [],
      "skipped": [],
      "duration": 0,
      "root": true,
      "rootEmpty": true,
      "_timeout": 2000
    }
  ],
  "meta": {
    "mocha": {
      "version": "7.0.1"
    },
    "mochawesome": {
      "options": {
        "quiet": false,
        "reportFilename": "mochawesome",
        "saveHtml": true,
        "saveJson": true,
        "consoleReporter": "spec",
        "useInlineDiffs": false,
        "code": true
      },
      "version": "7.1.3"
    },
    "marge": {
      "options": {
        "reportDir": "cypress/reports",
        "overwrite": false,
        "html": true,
        "json": true
      },
      "version": "6.2.0"
    }
  }
}